<?xml version="1.0" encoding="UTF-8"?>
<coverage generated="1681060693098" clover="3.2.0">
  <project timestamp="1681060693098" name="All files">
    <metrics statements="3" coveredstatements="3" conditionals="2" coveredconditionals="2" methods="2" coveredmethods="2" elements="7" coveredelements="7" complexity="0" loc="3" ncloc="3" packages="1" files="1" classes="1"/>
    <file name="main.js" path="/Users/alice/Documents/schoolOfCodeDirectory/homeworkWeek4/bc14_w4d3_workshop_make-your-own-codewars-alicefirminger/main.js">
      <metrics statements="3" coveredstatements="3" conditionals="2" coveredconditionals="2" methods="2" coveredmethods="2"/>
      <line num="18" count="12" type="cond" truecount="2" falsecount="0"/>
      <line num="19" count="10" type="stmt"/>
      <line num="21" count="8" type="stmt"/>
    </file>
  </project>
</coverage>
