{"/Users/alice/Documents/schoolOfCodeDirectory/homeworkWeek4/bc14_w4d3_workshop_make-your-own-codewars-alicefirminger/main.js": {"path":"/Users/alice/Documents/schoolOfCodeDirectory/homeworkWeek4/bc14_w4d3_workshop_make-your-own-codewars-alicefirminger/main.js","statementMap":{"0":{"start":{"line":17,"column":23},"end":{"line":17,"column":41}},"1":{"start":{"line":18,"column":4},"end":{"line":18,"column":24}}},"fnMap":{"0":{"name":"buffyStakes","decl":{"start":{"line":16,"column":17},"end":{"line":16,"column":28}},"loc":{"start":{"line":16,"column":42},"end":{"line":19,"column":3}},"line":16}},"branchMap":{},"s":{"0":4,"1":4},"f":{"0":4},"b":{},"_coverageSchema":"1a1c01bbd47fc00a2c39e90264f33305004495a9","hash":"e5009580ac079b8e75179f1899560f91c62b2f87"}
}
