{"/Users/alice/Documents/schoolOfCodeDirectory/homeworkWeek4/bc14_w4d3_workshop_make-your-own-codewars-alicefirminger/main.js": {"path":"/Users/alice/Documents/schoolOfCodeDirectory/homeworkWeek4/bc14_w4d3_workshop_make-your-own-codewars-alicefirminger/main.js","statementMap":{"0":{"start":{"line":18,"column":2},"end":{"line":22,"column":3}},"1":{"start":{"line":19,"column":4},"end":{"line":19,"column":31}},"2":{"start":{"line":21,"column":4},"end":{"line":21,"column":86}},"3":{"start":{"line":21,"column":55},"end":{"line":21,"column":81}}},"fnMap":{"0":{"name":"buffyStakes","decl":{"start":{"line":17,"column":16},"end":{"line":17,"column":27}},"loc":{"start":{"line":17,"column":42},"end":{"line":23,"column":1}},"line":17},"1":{"name":"(anonymous_1)","decl":{"start":{"line":21,"column":31},"end":{"line":21,"column":32}},"loc":{"start":{"line":21,"column":55},"end":{"line":21,"column":81}},"line":21}},"branchMap":{"0":{"loc":{"start":{"line":18,"column":2},"end":{"line":22,"column":3}},"type":"if","locations":[{"start":{"line":18,"column":2},"end":{"line":22,"column":3}},{"start":{"line":20,"column":9},"end":{"line":22,"column":3}}],"line":18}},"s":{"0":12,"1":10,"2":2,"3":8},"f":{"0":12,"1":8},"b":{"0":[10,2]},"_coverageSchema":"1a1c01bbd47fc00a2c39e90264f33305004495a9","hash":"165b426b3c14469ff1a8a52a5c365a7327c0170f"}
}
